14:35:40.275 [http-nio-8066-exec-1] INFO  ConnectionPoolLog - ---Begin----------------------------------------------net.xinqushi.orm.mapper.CityMapper.getCityList
14:35:40.275 [http-nio-8066-exec-1] INFO  ConnectionPoolLog - select
		id, name, pinyin, baiduId, latitude, longtitude, status
		from tbl_v2_city
		where status <> 'DELETED'
		 
			and name like CONCAT('%',?,'%')
		 
		 
		limit ?, ?
14:35:40.275 [http-nio-8066-exec-1] INFO  ConnectionPoolLog - ---End----------------------------------------------
14:35:40.391 [http-nio-8066-exec-1] INFO  ConnectionPoolLog - ---Begin----------------------------------------------net.xinqushi.orm.mapper.CityMapper.countByName
14:35:40.392 [http-nio-8066-exec-1] INFO  ConnectionPoolLog - select count(*) from tbl_v2_city where status <> 'DELETED'
		 
			and name like CONCAT('%',?,'%')
14:35:40.392 [http-nio-8066-exec-1] INFO  ConnectionPoolLog - ---End----------------------------------------------
16:22:53.561 [main] INFO  ConnectionPoolLog - ---Begin----------------------------------------------net.xinqushi.orm.mapper.CityMapper.getCityList
16:22:53.570 [main] INFO  ConnectionPoolLog - select
		id, name, pinyin, baiduId, latitude, longtitude, status
		from tbl_v2_city
		where status <> 'DELETED'
16:22:53.570 [main] INFO  ConnectionPoolLog - ---End----------------------------------------------
16:27:10.408 [main] INFO  ConnectionPoolLog - ---Begin----------------------------------------------net.xinqushi.orm.mapper.CityMapper.getCityList
16:27:10.409 [main] INFO  ConnectionPoolLog - select
		id, name, pinyin, baiduId, latitude, longtitude, status
		from tbl_v2_city
		where status <> 'DELETED'
16:27:10.409 [main] INFO  ConnectionPoolLog - ---End----------------------------------------------
16:32:20.157 [main] INFO  ConnectionPoolLog - ---Begin----------------------------------------------net.xinqushi.orm.mapper.CityMapper.getCityList
16:32:20.158 [main] INFO  ConnectionPoolLog - select
		id, name, pinyin, baiduId, latitude, longtitude, status
		from tbl_v2_city
		where status <> 'DELETED'
16:32:20.158 [main] INFO  ConnectionPoolLog - ---End----------------------------------------------
16:35:35.334 [main] INFO  ConnectionPoolLog - ---Begin----------------------------------------------net.xinqushi.orm.mapper.CityMapper.getCityList
16:35:35.335 [main] INFO  ConnectionPoolLog - select
		id, name, pinyin, baiduId, latitude, longtitude, status
		from tbl_v2_city
		where status <> 'DELETED'
16:35:35.335 [main] INFO  ConnectionPoolLog - ---End----------------------------------------------
16:37:30.996 [main] INFO  ConnectionPoolLog - ---Begin----------------------------------------------net.xinqushi.orm.mapper.CityMapper.getCityList
16:37:30.996 [main] INFO  ConnectionPoolLog - select
		id, name, pinyin, baiduId, latitude, longtitude, status
		from tbl_v2_city
		where status <> 'DELETED'
16:37:30.997 [main] INFO  ConnectionPoolLog - ---End----------------------------------------------
16:38:12.904 [main] INFO  ConnectionPoolLog - ---Begin----------------------------------------------net.xinqushi.orm.mapper.CityMapper.getCityList
16:38:12.904 [main] INFO  ConnectionPoolLog - select
		id, name, pinyin, baiduId, latitude, longtitude, status
		from tbl_v2_city
		where status <> 'DELETED'
16:38:12.904 [main] INFO  ConnectionPoolLog - ---End----------------------------------------------
16:45:19.766 [main] INFO  ConnectionPoolLog - ---Begin----------------------------------------------net.xinqushi.orm.mapper.CityMapper.getCityList
16:45:19.766 [main] INFO  ConnectionPoolLog - select
		id, name, pinyin, baiduId, latitude, longtitude, status
		from tbl_v2_city
		where status <> 'DELETED'
16:45:19.766 [main] INFO  ConnectionPoolLog - ---End----------------------------------------------
16:46:03.166 [http-nio-8066-exec-1] INFO  ConnectionPoolLog - ---Begin----------------------------------------------net.xinqushi.orm.mapper.CityMapper.getCityList
16:46:03.166 [http-nio-8066-exec-1] INFO  ConnectionPoolLog - select
		id, name, pinyin, baiduId, latitude, longtitude, status
		from tbl_v2_city
		where status <> 'DELETED'
		 
			and name like CONCAT('%',?,'%')
		 
		 
		limit ?, ?
16:46:03.166 [http-nio-8066-exec-1] INFO  ConnectionPoolLog - ---End----------------------------------------------
16:46:03.248 [http-nio-8066-exec-1] INFO  ConnectionPoolLog - ---Begin----------------------------------------------net.xinqushi.orm.mapper.CityMapper.countByName
16:46:03.249 [http-nio-8066-exec-1] INFO  ConnectionPoolLog - select count(*) from tbl_v2_city where status <> 'DELETED'
		 
			and name like CONCAT('%',?,'%')
16:46:03.249 [http-nio-8066-exec-1] INFO  ConnectionPoolLog - ---End----------------------------------------------
17:04:15.065 [main] INFO  ConnectionPoolLog - ---Begin----------------------------------------------net.xinqushi.orm.mapper.CityMapper.getCityList
17:04:15.066 [main] INFO  ConnectionPoolLog - select
		id, name, pinyin, baiduId, latitude, longtitude, status
		from tbl_v2_city
		where status <> 'DELETED'
17:04:15.066 [main] INFO  ConnectionPoolLog - ---End----------------------------------------------
